<?xml version="1.0" encoding="UTF-8" ?>
<testsuite tests="4" failures="1" name="ua.pp.krotov.FirstTest" time="55.628" errors="0" skipped="3">
  <properties>
    <property name="java.runtime.name" value="Java(TM) SE Runtime Environment"/>
    <property name="sun.boot.library.path" value="C:\Program Files\Java\jdk1.8.0_121\jre\bin"/>
    <property name="java.vm.version" value="25.121-b13"/>
    <property name="java.vm.vendor" value="Oracle Corporation"/>
    <property name="maven.multiModuleProjectDirectory" value="d:\SeleniumTest\FirstWebDriverTest"/>
    <property name="java.vendor.url" value="http://java.oracle.com/"/>
    <property name="path.separator" value=";"/>
    <property name="guice.disable.misplaced.annotation.check" value="true"/>
    <property name="java.vm.name" value="Java HotSpot(TM) 64-Bit Server VM"/>
    <property name="file.encoding.pkg" value="sun.io"/>
    <property name="user.script" value=""/>
    <property name="user.country" value="US"/>
    <property name="sun.java.launcher" value="SUN_STANDARD"/>
    <property name="sun.os.patch.level" value="Service Pack 1"/>
    <property name="java.vm.specification.name" value="Java Virtual Machine Specification"/>
    <property name="user.dir" value="d:\SeleniumTest\FirstWebDriverTest"/>
    <property name="java.runtime.version" value="1.8.0_121-b13"/>
    <property name="java.awt.graphicsenv" value="sun.awt.Win32GraphicsEnvironment"/>
    <property name="java.endorsed.dirs" value="C:\Program Files\Java\jdk1.8.0_121\jre\lib\endorsed"/>
    <property name="os.arch" value="amd64"/>
    <property name="java.io.tmpdir" value="C:\Users\FILIP\AppData\Local\Temp\"/>
    <property name="line.separator" value="
"/>
    <property name="java.vm.specification.vendor" value="Oracle Corporation"/>
    <property name="user.variant" value=""/>
    <property name="os.name" value="Windows 7"/>
    <property name="classworlds.conf" value="C:\Program Files\Maven\apache-maven-3.3.9\bin\m2.conf"/>
    <property name="sun.jnu.encoding" value="Cp1252"/>
    <property name="java.library.path" value="C:\Program Files\Java\jdk1.8.0_121\bin;C:\Windows\Sun\Java\bin;C:\Windows\system32;C:\Windows;C:\ProgramData\Oracle\Java\javapath;C:\Windows\system32;C:\Windows;C:\Windows\System32\Wbem;C:\Windows\System32\WindowsPowerShell\v1.0;C:\Program Files\Java\jdk1.8.0_121\bin;C:\Program Files\Maven\apache-maven-3.3.9\bin;C:\Program Files (x86)\Skype\Phone\;."/>
    <property name="java.specification.name" value="Java Platform API Specification"/>
    <property name="java.class.version" value="52.0"/>
    <property name="sun.management.compiler" value="HotSpot 64-Bit Tiered Compilers"/>
    <property name="os.version" value="6.1"/>
    <property name="user.home" value="C:\Users\FILIP"/>
    <property name="user.timezone" value="America/Los_Angeles"/>
    <property name="java.awt.printerjob" value="sun.awt.windows.WPrinterJob"/>
    <property name="java.specification.version" value="1.8"/>
    <property name="file.encoding" value="Cp1252"/>
    <property name="user.name" value="FILIP"/>
    <property name="java.class.path" value="C:\Program Files\Maven\apache-maven-3.3.9\boot\plexus-classworlds-2.5.2.jar"/>
    <property name="java.vm.specification.version" value="1.8"/>
    <property name="sun.arch.data.model" value="64"/>
    <property name="java.home" value="C:\Program Files\Java\jdk1.8.0_121\jre"/>
    <property name="sun.java.command" value="org.codehaus.plexus.classworlds.launcher.Launcher test clean"/>
    <property name="java.specification.vendor" value="Oracle Corporation"/>
    <property name="user.language" value="en"/>
    <property name="awt.toolkit" value="sun.awt.windows.WToolkit"/>
    <property name="java.vm.info" value="mixed mode"/>
    <property name="java.version" value="1.8.0_121"/>
    <property name="java.ext.dirs" value="C:\Program Files\Java\jdk1.8.0_121\jre\lib\ext;C:\Windows\Sun\Java\lib\ext"/>
    <property name="sun.boot.class.path" value="C:\Program Files\Java\jdk1.8.0_121\jre\lib\resources.jar;C:\Program Files\Java\jdk1.8.0_121\jre\lib\rt.jar;C:\Program Files\Java\jdk1.8.0_121\jre\lib\sunrsasign.jar;C:\Program Files\Java\jdk1.8.0_121\jre\lib\jsse.jar;C:\Program Files\Java\jdk1.8.0_121\jre\lib\jce.jar;C:\Program Files\Java\jdk1.8.0_121\jre\lib\charsets.jar;C:\Program Files\Java\jdk1.8.0_121\jre\lib\jfr.jar;C:\Program Files\Java\jdk1.8.0_121\jre\classes"/>
    <property name="sun.stderr.encoding" value="cp437"/>
    <property name="java.vendor" value="Oracle Corporation"/>
    <property name="maven.home" value="C:\Program Files\Maven\apache-maven-3.3.9"/>
    <property name="file.separator" value="\"/>
    <property name="java.vendor.url.bug" value="http://bugreport.sun.com/bugreport/"/>
    <property name="sun.cpu.endian" value="little"/>
    <property name="sun.io.unicode.encoding" value="UnicodeLittle"/>
    <property name="sun.stdout.encoding" value="cp437"/>
    <property name="sun.desktop" value="windows"/>
    <property name="sun.cpu.isalist" value="amd64"/>
  </properties>
  <testcase classname="ua.pp.krotov.FirstTest" name="setUp" time="55.628">
    <failure message="Failed to connect to binary FirefoxBinary(C:\Program Files (x86)\Mozilla Firefox\firefox.exe) on port 7055; process output follows: 
le&quot;:true,&quot;active&quot;:true,&quot;userDisabled&quot;:false,&quot;appDisabled&quot;:false,&quot;descriptor&quot;:&quot;C:\\Program Files (x86)\\Mozilla Firefox\\browser\\extensions\\{972ce4c6-7e08-4474-a285-3208198ce6fd}.xpi&quot;,&quot;installDate&quot;:1485371690000,&quot;updateDate&quot;:1485371690000,&quot;applyBackgroundUpdates&quot;:1,&quot;skinnable&quot;:true,&quot;size&quot;:19708,&quot;sourceURI&quot;:null,&quot;releaseNotesURI&quot;:null,&quot;softDisabled&quot;:false,&quot;foreignInstall&quot;:false,&quot;hasBinaryComponents&quot;:false,&quot;strictCompatibility&quot;:true,&quot;locales&quot;:[],&quot;targetApplications&quot;:[{&quot;id&quot;:&quot;{ec8030f7-c20a-464f-9b0e-13a3a9e97384}&quot;,&quot;minVersion&quot;:&quot;51.0.1&quot;,&quot;maxVersion&quot;:&quot;51.0.1&quot;}],&quot;targetPlatforms&quot;:[],&quot;seen&quot;:true,&quot;dependencies&quot;:[],&quot;hasEmbeddedWebExtension&quot;:false}
1486912623123	addons.xpi	DEBUG	getModTime: Recursive scan of {972ce4c6-7e08-4474-a285-3208198ce6fd}
1486912623124	DeferredSave.extensions.json	DEBUG	Save changes
1486912623125	addons.xpi	DEBUG	Updating database with changes to installed add-ons
1486912623125	addons.xpi-utils	DEBUG	Updating add-on states
1486912623126	addons.xpi-utils	DEBUG	Writing add-ons list
1486912623166	addons.xpi	DEBUG	Registering manifest for C:\Program Files (x86)\Mozilla Firefox\browser\features\aushelper@mozilla.org.xpi
1486912623167	addons.xpi	DEBUG	Calling bootstrap method startup on aushelper@mozilla.org version 1.0
1486912623171	addons.xpi	DEBUG	Registering manifest for C:\Program Files (x86)\Mozilla Firefox\browser\features\e10srollout@mozilla.org.xpi
1486912623172	addons.xpi	DEBUG	Calling bootstrap method startup on e10srollout@mozilla.org version 1.7
1486912623174	addons.xpi	DEBUG	Registering manifest for C:\Program Files (x86)\Mozilla Firefox\browser\features\firefox@getpocket.com.xpi
1486912623175	addons.xpi	DEBUG	Calling bootstrap method startup on firefox@getpocket.com version 1.0.5
1486912623177	addons.xpi	DEBUG	Registering manifest for C:\Program Files (x86)\Mozilla Firefox\browser\features\webcompat@mozilla.org.xpi
1486912623177	addons.xpi	DEBUG	Calling bootstrap method startup on webcompat@mozilla.org version 1.0
1486912623182	addons.manager	DEBUG	Registering shutdown blocker for XPIProvider
1486912623204	addons.manager	DEBUG	Provider finished startup: XPIProvider
1486912623205	addons.manager	DEBUG	Starting provider: LightweightThemeManager
1486912623206	addons.manager	DEBUG	Registering shutdown blocker for LightweightThemeManager
1486912623206	addons.manager	DEBUG	Provider finished startup: LightweightThemeManager
1486912623207	addons.manager	DEBUG	Starting provider: GMPProvider
1486912623241	addons.manager	DEBUG	Registering shutdown blocker for GMPProvider
1486912623242	addons.manager	DEBUG	Provider finished startup: GMPProvider
1486912623242	addons.manager	DEBUG	Starting provider: PluginProvider
1486912623243	addons.manager	DEBUG	Registering shutdown blocker for PluginProvider
1486912623244	addons.manager	DEBUG	Provider finished startup: PluginProvider
1486912623245	addons.manager	DEBUG	Completed startup sequence
1486912625891	addons.manager	DEBUG	Starting provider: &lt;unnamed-provider&gt;
1486912625891	addons.manager	DEBUG	Registering shutdown blocker for &lt;unnamed-provider&gt;
1486912625893	addons.manager	DEBUG	Provider finished startup: &lt;unnamed-provider&gt;
1486912626451	DeferredSave.extensions.json	DEBUG	Write succeeded
1486912626451	addons.xpi-utils	DEBUG	XPI Database saved, setting schema version preference to 19
1486912626451	DeferredSave.extensions.json	DEBUG	Starting timer
1486912626478	DeferredSave.extensions.json	DEBUG	Starting write
1486912626513	addons.repository	DEBUG	No addons.json found.
1486912626514	DeferredSave.addons.json	DEBUG	Save changes
1486912626529	DeferredSave.addons.json	DEBUG	Starting timer
1486912626737	addons.manager	DEBUG	Starting provider: PreviousExperimentProvider
1486912626738	addons.manager	DEBUG	Registering shutdown blocker for PreviousExperimentProvider
1486912626738	addons.manager	DEBUG	Provider finished startup: PreviousExperimentProvider
1486912626745	DeferredSave.addons.json	DEBUG	Starting write
1486912626769	DeferredSave.extensions.json	DEBUG	Write succeeded
1486912627192	DeferredSave.addons.json	DEBUG	Write succeeded

Build info: version: &apos;2.53.0&apos;, revision: &apos;35ae25b1534ae328c771e0856c93e187490ca824&apos;, time: &apos;2016-03-15 10:43:46&apos;
System info: host: &apos;FILIPP&apos;, ip: &apos;192.168.0.102&apos;, os.name: &apos;Windows 7&apos;, os.arch: &apos;amd64&apos;, os.version: &apos;6.1&apos;, java.version: &apos;1.8.0_121&apos;
Driver info: driver.version: FirefoxDriver" type="org.openqa.selenium.WebDriverException">org.openqa.selenium.WebDriverException: Failed to connect to binary FirefoxBinary(C:\Program Files (x86)\Mozilla Firefox\firefox.exe) on port 7055; process output follows: 
le&quot;:true,&quot;active&quot;:true,&quot;userDisabled&quot;:false,&quot;appDisabled&quot;:false,&quot;descriptor&quot;:&quot;C:\\Program Files (x86)\\Mozilla Firefox\\browser\\extensions\\{972ce4c6-7e08-4474-a285-3208198ce6fd}.xpi&quot;,&quot;installDate&quot;:1485371690000,&quot;updateDate&quot;:1485371690000,&quot;applyBackgroundUpdates&quot;:1,&quot;skinnable&quot;:true,&quot;size&quot;:19708,&quot;sourceURI&quot;:null,&quot;releaseNotesURI&quot;:null,&quot;softDisabled&quot;:false,&quot;foreignInstall&quot;:false,&quot;hasBinaryComponents&quot;:false,&quot;strictCompatibility&quot;:true,&quot;locales&quot;:[],&quot;targetApplications&quot;:[{&quot;id&quot;:&quot;{ec8030f7-c20a-464f-9b0e-13a3a9e97384}&quot;,&quot;minVersion&quot;:&quot;51.0.1&quot;,&quot;maxVersion&quot;:&quot;51.0.1&quot;}],&quot;targetPlatforms&quot;:[],&quot;seen&quot;:true,&quot;dependencies&quot;:[],&quot;hasEmbeddedWebExtension&quot;:false}
1486912623123	addons.xpi	DEBUG	getModTime: Recursive scan of {972ce4c6-7e08-4474-a285-3208198ce6fd}
1486912623124	DeferredSave.extensions.json	DEBUG	Save changes
1486912623125	addons.xpi	DEBUG	Updating database with changes to installed add-ons
1486912623125	addons.xpi-utils	DEBUG	Updating add-on states
1486912623126	addons.xpi-utils	DEBUG	Writing add-ons list
1486912623166	addons.xpi	DEBUG	Registering manifest for C:\Program Files (x86)\Mozilla Firefox\browser\features\aushelper@mozilla.org.xpi
1486912623167	addons.xpi	DEBUG	Calling bootstrap method startup on aushelper@mozilla.org version 1.0
1486912623171	addons.xpi	DEBUG	Registering manifest for C:\Program Files (x86)\Mozilla Firefox\browser\features\e10srollout@mozilla.org.xpi
1486912623172	addons.xpi	DEBUG	Calling bootstrap method startup on e10srollout@mozilla.org version 1.7
1486912623174	addons.xpi	DEBUG	Registering manifest for C:\Program Files (x86)\Mozilla Firefox\browser\features\firefox@getpocket.com.xpi
1486912623175	addons.xpi	DEBUG	Calling bootstrap method startup on firefox@getpocket.com version 1.0.5
1486912623177	addons.xpi	DEBUG	Registering manifest for C:\Program Files (x86)\Mozilla Firefox\browser\features\webcompat@mozilla.org.xpi
1486912623177	addons.xpi	DEBUG	Calling bootstrap method startup on webcompat@mozilla.org version 1.0
1486912623182	addons.manager	DEBUG	Registering shutdown blocker for XPIProvider
1486912623204	addons.manager	DEBUG	Provider finished startup: XPIProvider
1486912623205	addons.manager	DEBUG	Starting provider: LightweightThemeManager
1486912623206	addons.manager	DEBUG	Registering shutdown blocker for LightweightThemeManager
1486912623206	addons.manager	DEBUG	Provider finished startup: LightweightThemeManager
1486912623207	addons.manager	DEBUG	Starting provider: GMPProvider
1486912623241	addons.manager	DEBUG	Registering shutdown blocker for GMPProvider
1486912623242	addons.manager	DEBUG	Provider finished startup: GMPProvider
1486912623242	addons.manager	DEBUG	Starting provider: PluginProvider
1486912623243	addons.manager	DEBUG	Registering shutdown blocker for PluginProvider
1486912623244	addons.manager	DEBUG	Provider finished startup: PluginProvider
1486912623245	addons.manager	DEBUG	Completed startup sequence
1486912625891	addons.manager	DEBUG	Starting provider: &lt;unnamed-provider&gt;
1486912625891	addons.manager	DEBUG	Registering shutdown blocker for &lt;unnamed-provider&gt;
1486912625893	addons.manager	DEBUG	Provider finished startup: &lt;unnamed-provider&gt;
1486912626451	DeferredSave.extensions.json	DEBUG	Write succeeded
1486912626451	addons.xpi-utils	DEBUG	XPI Database saved, setting schema version preference to 19
1486912626451	DeferredSave.extensions.json	DEBUG	Starting timer
1486912626478	DeferredSave.extensions.json	DEBUG	Starting write
1486912626513	addons.repository	DEBUG	No addons.json found.
1486912626514	DeferredSave.addons.json	DEBUG	Save changes
1486912626529	DeferredSave.addons.json	DEBUG	Starting timer
1486912626737	addons.manager	DEBUG	Starting provider: PreviousExperimentProvider
1486912626738	addons.manager	DEBUG	Registering shutdown blocker for PreviousExperimentProvider
1486912626738	addons.manager	DEBUG	Provider finished startup: PreviousExperimentProvider
1486912626745	DeferredSave.addons.json	DEBUG	Starting write
1486912626769	DeferredSave.extensions.json	DEBUG	Write succeeded
1486912627192	DeferredSave.addons.json	DEBUG	Write succeeded
Build info: version: &apos;2.53.0&apos;, revision: &apos;35ae25b1534ae328c771e0856c93e187490ca824&apos;, time: &apos;2016-03-15 10:43:46&apos;
System info: host: &apos;FILIPP&apos;, ip: &apos;192.168.0.102&apos;, os.name: &apos;Windows 7&apos;, os.arch: &apos;amd64&apos;, os.version: &apos;6.1&apos;, java.version: &apos;1.8.0_121&apos;
Driver info: driver.version: FirefoxDriver
	at org.openqa.selenium.firefox.internal.NewProfileExtensionConnection.start(NewProfileExtensionConnection.java:125)
	at org.openqa.selenium.firefox.FirefoxDriver.startClient(FirefoxDriver.java:271)
	at org.openqa.selenium.remote.RemoteWebDriver.&lt;init&gt;(RemoteWebDriver.java:119)
	at org.openqa.selenium.firefox.FirefoxDriver.&lt;init&gt;(FirefoxDriver.java:216)
	at org.openqa.selenium.firefox.FirefoxDriver.&lt;init&gt;(FirefoxDriver.java:211)
	at org.openqa.selenium.firefox.FirefoxDriver.&lt;init&gt;(FirefoxDriver.java:207)
	at org.openqa.selenium.firefox.FirefoxDriver.&lt;init&gt;(FirefoxDriver.java:120)
	at ua.pp.krotov.FirstTest.setUp(FirstTest.java:18)
Caused by: org.openqa.selenium.firefox.NotConnectedException: Unable to connect to host 127.0.0.1 on port 7055 after 45000 ms. Firefox console output:
le&quot;:true,&quot;active&quot;:true,&quot;userDisabled&quot;:false,&quot;appDisabled&quot;:false,&quot;descriptor&quot;:&quot;C:\\Program Files (x86)\\Mozilla Firefox\\browser\\extensions\\{972ce4c6-7e08-4474-a285-3208198ce6fd}.xpi&quot;,&quot;installDate&quot;:1485371690000,&quot;updateDate&quot;:1485371690000,&quot;applyBackgroundUpdates&quot;:1,&quot;skinnable&quot;:true,&quot;size&quot;:19708,&quot;sourceURI&quot;:null,&quot;releaseNotesURI&quot;:null,&quot;softDisabled&quot;:false,&quot;foreignInstall&quot;:false,&quot;hasBinaryComponents&quot;:false,&quot;strictCompatibility&quot;:true,&quot;locales&quot;:[],&quot;targetApplications&quot;:[{&quot;id&quot;:&quot;{ec8030f7-c20a-464f-9b0e-13a3a9e97384}&quot;,&quot;minVersion&quot;:&quot;51.0.1&quot;,&quot;maxVersion&quot;:&quot;51.0.1&quot;}],&quot;targetPlatforms&quot;:[],&quot;seen&quot;:true,&quot;dependencies&quot;:[],&quot;hasEmbeddedWebExtension&quot;:false}
1486912623123	addons.xpi	DEBUG	getModTime: Recursive scan of {972ce4c6-7e08-4474-a285-3208198ce6fd}
1486912623124	DeferredSave.extensions.json	DEBUG	Save changes
1486912623125	addons.xpi	DEBUG	Updating database with changes to installed add-ons
1486912623125	addons.xpi-utils	DEBUG	Updating add-on states
1486912623126	addons.xpi-utils	DEBUG	Writing add-ons list
1486912623166	addons.xpi	DEBUG	Registering manifest for C:\Program Files (x86)\Mozilla Firefox\browser\features\aushelper@mozilla.org.xpi
1486912623167	addons.xpi	DEBUG	Calling bootstrap method startup on aushelper@mozilla.org version 1.0
1486912623171	addons.xpi	DEBUG	Registering manifest for C:\Program Files (x86)\Mozilla Firefox\browser\features\e10srollout@mozilla.org.xpi
1486912623172	addons.xpi	DEBUG	Calling bootstrap method startup on e10srollout@mozilla.org version 1.7
1486912623174	addons.xpi	DEBUG	Registering manifest for C:\Program Files (x86)\Mozilla Firefox\browser\features\firefox@getpocket.com.xpi
1486912623175	addons.xpi	DEBUG	Calling bootstrap method startup on firefox@getpocket.com version 1.0.5
1486912623177	addons.xpi	DEBUG	Registering manifest for C:\Program Files (x86)\Mozilla Firefox\browser\features\webcompat@mozilla.org.xpi
1486912623177	addons.xpi	DEBUG	Calling bootstrap method startup on webcompat@mozilla.org version 1.0
1486912623182	addons.manager	DEBUG	Registering shutdown blocker for XPIProvider
1486912623204	addons.manager	DEBUG	Provider finished startup: XPIProvider
1486912623205	addons.manager	DEBUG	Starting provider: LightweightThemeManager
1486912623206	addons.manager	DEBUG	Registering shutdown blocker for LightweightThemeManager
1486912623206	addons.manager	DEBUG	Provider finished startup: LightweightThemeManager
1486912623207	addons.manager	DEBUG	Starting provider: GMPProvider
1486912623241	addons.manager	DEBUG	Registering shutdown blocker for GMPProvider
1486912623242	addons.manager	DEBUG	Provider finished startup: GMPProvider
1486912623242	addons.manager	DEBUG	Starting provider: PluginProvider
1486912623243	addons.manager	DEBUG	Registering shutdown blocker for PluginProvider
1486912623244	addons.manager	DEBUG	Provider finished startup: PluginProvider
1486912623245	addons.manager	DEBUG	Completed startup sequence
1486912625891	addons.manager	DEBUG	Starting provider: &lt;unnamed-provider&gt;
1486912625891	addons.manager	DEBUG	Registering shutdown blocker for &lt;unnamed-provider&gt;
1486912625893	addons.manager	DEBUG	Provider finished startup: &lt;unnamed-provider&gt;
1486912626451	DeferredSave.extensions.json	DEBUG	Write succeeded
1486912626451	addons.xpi-utils	DEBUG	XPI Database saved, setting schema version preference to 19
1486912626451	DeferredSave.extensions.json	DEBUG	Starting timer
1486912626478	DeferredSave.extensions.json	DEBUG	Starting write
1486912626513	addons.repository	DEBUG	No addons.json found.
1486912626514	DeferredSave.addons.json	DEBUG	Save changes
1486912626529	DeferredSave.addons.json	DEBUG	Starting timer
1486912626737	addons.manager	DEBUG	Starting provider: PreviousExperimentProvider
1486912626738	addons.manager	DEBUG	Registering shutdown blocker for PreviousExperimentProvider
1486912626738	addons.manager	DEBUG	Provider finished startup: PreviousExperimentProvider
1486912626745	DeferredSave.addons.json	DEBUG	Starting write
1486912626769	DeferredSave.extensions.json	DEBUG	Write succeeded
1486912627192	DeferredSave.addons.json	DEBUG	Write succeeded

	at org.openqa.selenium.firefox.internal.NewProfileExtensionConnection.start(NewProfileExtensionConnection.java:113)
	... 40 more
</failure>
    <system-out>Configuring TestNG with: org.apache.maven.surefire.testng.conf.TestNG652Configurator@626b2d4a
</system-out>
    <system-err>org.openqa.selenium.firefox.NotConnectedException: Unable to connect to host 127.0.0.1 on port 7055 after 45000 ms. Firefox console output:
le&quot;:true,&quot;active&quot;:true,&quot;userDisabled&quot;:false,&quot;appDisabled&quot;:false,&quot;descriptor&quot;:&quot;C:\\Program Files (x86)\\Mozilla Firefox\\browser\\extensions\\{972ce4c6-7e08-4474-a285-3208198ce6fd}.xpi&quot;,&quot;installDate&quot;:1485371690000,&quot;updateDate&quot;:1485371690000,&quot;applyBackgroundUpdates&quot;:1,&quot;skinnable&quot;:true,&quot;size&quot;:19708,&quot;sourceURI&quot;:null,&quot;releaseNotesURI&quot;:null,&quot;softDisabled&quot;:false,&quot;foreignInstall&quot;:false,&quot;hasBinaryComponents&quot;:false,&quot;strictCompatibility&quot;:true,&quot;locales&quot;:[],&quot;targetApplications&quot;:[{&quot;id&quot;:&quot;{ec8030f7-c20a-464f-9b0e-13a3a9e97384}&quot;,&quot;minVersion&quot;:&quot;51.0.1&quot;,&quot;maxVersion&quot;:&quot;51.0.1&quot;}],&quot;targetPlatforms&quot;:[],&quot;seen&quot;:true,&quot;dependencies&quot;:[],&quot;hasEmbeddedWebExtension&quot;:false}
1486912623123	addons.xpi	DEBUG	getModTime: Recursive scan of {972ce4c6-7e08-4474-a285-3208198ce6fd}
1486912623124	DeferredSave.extensions.json	DEBUG	Save changes
1486912623125	addons.xpi	DEBUG	Updating database with changes to installed add-ons
1486912623125	addons.xpi-utils	DEBUG	Updating add-on states
1486912623126	addons.xpi-utils	DEBUG	Writing add-ons list
1486912623166	addons.xpi	DEBUG	Registering manifest for C:\Program Files (x86)\Mozilla Firefox\browser\features\aushelper@mozilla.org.xpi
1486912623167	addons.xpi	DEBUG	Calling bootstrap method startup on aushelper@mozilla.org version 1.0
1486912623171	addons.xpi	DEBUG	Registering manifest for C:\Program Files (x86)\Mozilla Firefox\browser\features\e10srollout@mozilla.org.xpi
1486912623172	addons.xpi	DEBUG	Calling bootstrap method startup on e10srollout@mozilla.org version 1.7
1486912623174	addons.xpi	DEBUG	Registering manifest for C:\Program Files (x86)\Mozilla Firefox\browser\features\firefox@getpocket.com.xpi
1486912623175	addons.xpi	DEBUG	Calling bootstrap method startup on firefox@getpocket.com version 1.0.5
1486912623177	addons.xpi	DEBUG	Registering manifest for C:\Program Files (x86)\Mozilla Firefox\browser\features\webcompat@mozilla.org.xpi
1486912623177	addons.xpi	DEBUG	Calling bootstrap method startup on webcompat@mozilla.org version 1.0
1486912623182	addons.manager	DEBUG	Registering shutdown blocker for XPIProvider
1486912623204	addons.manager	DEBUG	Provider finished startup: XPIProvider
1486912623205	addons.manager	DEBUG	Starting provider: LightweightThemeManager
1486912623206	addons.manager	DEBUG	Registering shutdown blocker for LightweightThemeManager
1486912623206	addons.manager	DEBUG	Provider finished startup: LightweightThemeManager
1486912623207	addons.manager	DEBUG	Starting provider: GMPProvider
1486912623241	addons.manager	DEBUG	Registering shutdown blocker for GMPProvider
1486912623242	addons.manager	DEBUG	Provider finished startup: GMPProvider
1486912623242	addons.manager	DEBUG	Starting provider: PluginProvider
1486912623243	addons.manager	DEBUG	Registering shutdown blocker for PluginProvider
1486912623244	addons.manager	DEBUG	Provider finished startup: PluginProvider
1486912623245	addons.manager	DEBUG	Completed startup sequence
1486912625891	addons.manager	DEBUG	Starting provider: &lt;unnamed-provider&gt;
1486912625891	addons.manager	DEBUG	Registering shutdown blocker for &lt;unnamed-provider&gt;
1486912625893	addons.manager	DEBUG	Provider finished startup: &lt;unnamed-provider&gt;
1486912626451	DeferredSave.extensions.json	DEBUG	Write succeeded
1486912626451	addons.xpi-utils	DEBUG	XPI Database saved, setting schema version preference to 19
1486912626451	DeferredSave.extensions.json	DEBUG	Starting timer
1486912626478	DeferredSave.extensions.json	DEBUG	Starting write
1486912626513	addons.repository	DEBUG	No addons.json found.
1486912626514	DeferredSave.addons.json	DEBUG	Save changes
1486912626529	DeferredSave.addons.json	DEBUG	Starting timer
1486912626737	addons.manager	DEBUG	Starting provider: PreviousExperimentProvider
1486912626738	addons.manager	DEBUG	Registering shutdown blocker for PreviousExperimentProvider
1486912626738	addons.manager	DEBUG	Provider finished startup: PreviousExperimentProvider
1486912626745	DeferredSave.addons.json	DEBUG	Starting write
1486912626769	DeferredSave.extensions.json	DEBUG	Write succeeded
1486912627192	DeferredSave.addons.json	DEBUG	Write succeeded

	at org.openqa.selenium.firefox.internal.NewProfileExtensionConnection.start(NewProfileExtensionConnection.java:113)
	at org.openqa.selenium.firefox.FirefoxDriver.startClient(FirefoxDriver.java:271)
	at org.openqa.selenium.remote.RemoteWebDriver.&lt;init&gt;(RemoteWebDriver.java:119)
	at org.openqa.selenium.firefox.FirefoxDriver.&lt;init&gt;(FirefoxDriver.java:216)
	at org.openqa.selenium.firefox.FirefoxDriver.&lt;init&gt;(FirefoxDriver.java:211)
	at org.openqa.selenium.firefox.FirefoxDriver.&lt;init&gt;(FirefoxDriver.java:207)
	at org.openqa.selenium.firefox.FirefoxDriver.&lt;init&gt;(FirefoxDriver.java:120)
	at ua.pp.krotov.FirstTest.setUp(FirstTest.java:18)
	at sun.reflect.NativeMethodAccessorImpl.invoke0(Native Method)
	at sun.reflect.NativeMethodAccessorImpl.invoke(NativeMethodAccessorImpl.java:62)
	at sun.reflect.DelegatingMethodAccessorImpl.invoke(DelegatingMethodAccessorImpl.java:43)
	at java.lang.reflect.Method.invoke(Method.java:498)
	at org.testng.internal.MethodInvocationHelper.invokeMethod(MethodInvocationHelper.java:85)
	at org.testng.internal.Invoker.invokeConfigurationMethod(Invoker.java:517)
	at org.testng.internal.Invoker.invokeConfigurations(Invoker.java:213)
	at org.testng.internal.Invoker.invokeConfigurations(Invoker.java:140)
	at org.testng.internal.TestMethodWorker.invokeBeforeClassMethods(TestMethodWorker.java:170)
	at org.testng.internal.TestMethodWorker.run(TestMethodWorker.java:104)
	at org.testng.TestRunner.privateRun(TestRunner.java:771)
	at org.testng.TestRunner.run(TestRunner.java:621)
	at org.testng.SuiteRunner.runTest(SuiteRunner.java:357)
	at org.testng.SuiteRunner.runSequentially(SuiteRunner.java:352)
	at org.testng.SuiteRunner.privateRun(SuiteRunner.java:310)
	at org.testng.SuiteRunner.run(SuiteRunner.java:259)
	at org.testng.SuiteRunnerWorker.runSuite(SuiteRunnerWorker.java:52)
	at org.testng.SuiteRunnerWorker.run(SuiteRunnerWorker.java:86)
	at org.testng.TestNG.runSuitesSequentially(TestNG.java:1199)
	at org.testng.TestNG.runSuitesLocally(TestNG.java:1124)
	at org.testng.TestNG.run(TestNG.java:1032)
	at org.apache.maven.surefire.testng.TestNGExecutor.run(TestNGExecutor.java:77)
	at org.apache.maven.surefire.testng.TestNGDirectoryTestSuite.execute(TestNGDirectoryTestSuite.java:110)
	at org.apache.maven.surefire.testng.TestNGProvider.invoke(TestNGProvider.java:106)
	at sun.reflect.NativeMethodAccessorImpl.invoke0(Native Method)
	at sun.reflect.NativeMethodAccessorImpl.invoke(NativeMethodAccessorImpl.java:62)
	at sun.reflect.DelegatingMethodAccessorImpl.invoke(DelegatingMethodAccessorImpl.java:43)
	at java.lang.reflect.Method.invoke(Method.java:498)
	at org.apache.maven.surefire.util.ReflectionUtils.invokeMethodWithArray(ReflectionUtils.java:189)
	at org.apache.maven.surefire.booter.ProviderFactory$ProviderProxy.invoke(ProviderFactory.java:165)
	at org.apache.maven.surefire.booter.ProviderFactory.invokeProvider(ProviderFactory.java:85)
	at org.apache.maven.surefire.booter.ForkedBooter.runSuitesInProcess(ForkedBooter.java:115)
	at org.apache.maven.surefire.booter.ForkedBooter.main(ForkedBooter.java:75)
</system-err>
  </testcase>
  <testcase classname="ua.pp.krotov.FirstTest" name="gotoSeleniumWikiPage" time="0">
    <skipped/>
  </testcase>
  <testcase classname="ua.pp.krotov.FirstTest" name="gotoSeleniumWikiPageFailure" time="0">
    <skipped/>
  </testcase>
  <testcase classname="ua.pp.krotov.FirstTest" name="tearDown" time="0">
    <skipped/>
  </testcase>
</testsuite>